[0.046s] Invoking command in '/home/ubuntu/1019/build/pub': CMAKE_PREFIX_PATH=${CMAKE_PREFIX_PATH}:/opt/ros/humble /usr/bin/cmake /home/ubuntu/1019/src/pub -DCMAKE_INSTALL_PREFIX=/home/ubuntu/1019/install/pub
[0.244s] -- The C compiler identification is GNU 11.4.0
[1.066s] -- The CXX compiler identification is GNU 11.4.0
[1.703s] -- Detecting C compiler ABI info
[1.908s] -- Detecting C compiler ABI info - done
[1.914s] -- Check for working C compiler: /usr/bin/cc - skipped
[1.914s] -- Detecting C compile features
[1.915s] -- Detecting C compile features - done
[1.917s] -- Detecting CXX compiler ABI info
[2.113s] -- Detecting CXX compiler ABI info - done
[2.119s] -- Check for working CXX compiler: /usr/bin/c++ - skipped
[2.119s] -- Detecting CXX compile features
[2.120s] -- Detecting CXX compile features - done
[2.121s] -- Found ament_cmake: 1.3.5 (/opt/ros/humble/share/ament_cmake/cmake)
[2.236s] -- Found Python3: /usr/bin/python3.10 (found version "3.10.12") found components: Interpreter 
[2.292s] -- Found rclcpp: 16.0.6 (/opt/ros/humble/share/rclcpp/cmake)
[2.531s] -- Found rosidl_generator_c: 3.1.5 (/opt/ros/humble/share/rosidl_generator_c/cmake)
[2.534s] -- Found rosidl_adapter: 3.1.5 (/opt/ros/humble/share/rosidl_adapter/cmake)
[2.540s] -- Found rosidl_generator_cpp: 3.1.5 (/opt/ros/humble/share/rosidl_generator_cpp/cmake)
[2.550s] -- Using all available rosidl_typesupport_c: rosidl_typesupport_fastrtps_c;rosidl_typesupport_introspection_c
[2.565s] -- Using all available rosidl_typesupport_cpp: rosidl_typesupport_fastrtps_cpp;rosidl_typesupport_introspection_cpp
[2.619s] -- Found rmw_implementation_cmake: 6.1.1 (/opt/ros/humble/share/rmw_implementation_cmake/cmake)
[2.621s] -- Found rmw_fastrtps_cpp: 6.2.4 (/opt/ros/humble/share/rmw_fastrtps_cpp/cmake)
[4.775s] -- Found OpenSSL: /usr/lib/x86_64-linux-gnu/libcrypto.so (found version "3.0.2")  
[7.231s] -- Found FastRTPS: /opt/ros/humble/include  
[11.534s] -- Using RMW implementation 'rmw_fastrtps_cpp' as default
[11.540s] -- Looking for pthread.h
[11.751s] -- Looking for pthread.h - found
[11.751s] -- Performing Test CMAKE_HAVE_LIBC_PTHREAD
[11.947s] -- Performing Test CMAKE_HAVE_LIBC_PTHREAD - Success
[11.948s] -- Found Threads: TRUE  
[12.083s] -- Found ament_lint_auto: 0.12.8 (/opt/ros/humble/share/ament_lint_auto/cmake)
[12.135s] -- Added test 'cppcheck' to perform static code analysis on C / C++ code
[12.135s] -- Configured cppcheck include dirs: 
[12.136s] -- Configured cppcheck exclude dirs and/or files: 
[12.136s] -- Added test 'lint_cmake' to check CMake code style
[12.137s] -- Added test 'uncrustify' to check C / C++ code style
[12.137s] -- Configured uncrustify additional arguments: 
[12.137s] -- Added test 'xmllint' to check XML markup files
[12.138s] -- Configuring done
[12.145s] -- Generating done
[12.147s] -- Build files have been written to: /home/ubuntu/1019/build/pub
[12.154s] Invoked command in '/home/ubuntu/1019/build/pub' returned '0': CMAKE_PREFIX_PATH=${CMAKE_PREFIX_PATH}:/opt/ros/humble /usr/bin/cmake /home/ubuntu/1019/src/pub -DCMAKE_INSTALL_PREFIX=/home/ubuntu/1019/install/pub
[12.155s] Invoking command in '/home/ubuntu/1019/build/pub': CMAKE_PREFIX_PATH=${CMAKE_PREFIX_PATH}:/opt/ros/humble /usr/bin/cmake --build /home/ubuntu/1019/build/pub -- -j8 -l8
[12.184s] [ 25%] [32mBuilding CXX object CMakeFiles/sender.dir/src/publisher.cpp.o[0m
[12.184s] [ 50%] [32mBuilding CXX object CMakeFiles/receiver.dir/src/publisher.cpp.o[0m
[15.667s] [ 75%] [32m[1mLinking CXX executable receiver[0m
[15.698s] [100%] [32m[1mLinking CXX executable sender[0m
[15.953s] [100%] Built target receiver
[15.981s] [100%] Built target sender
[15.987s] Invoked command in '/home/ubuntu/1019/build/pub' returned '0': CMAKE_PREFIX_PATH=${CMAKE_PREFIX_PATH}:/opt/ros/humble /usr/bin/cmake --build /home/ubuntu/1019/build/pub -- -j8 -l8
[16.009s] Invoking command in '/home/ubuntu/1019/build/pub': CMAKE_PREFIX_PATH=${CMAKE_PREFIX_PATH}:/opt/ros/humble /usr/bin/cmake --install /home/ubuntu/1019/build/pub
[16.014s] -- Install configuration: ""
[16.014s] -- Installing: /home/ubuntu/1019/install/pub/lib/pub/sender
[16.015s] -- Set runtime path of "/home/ubuntu/1019/install/pub/lib/pub/sender" to ""
[16.015s] -- Installing: /home/ubuntu/1019/install/pub/lib/pub/receiver
[16.016s] -- Set runtime path of "/home/ubuntu/1019/install/pub/lib/pub/receiver" to ""
[16.016s] -- Up-to-date: /home/ubuntu/1019/install/pub/share/ament_index/resource_index/package_run_dependencies/pub
[16.016s] -- Up-to-date: /home/ubuntu/1019/install/pub/share/ament_index/resource_index/parent_prefix_path/pub
[16.016s] -- Up-to-date: /home/ubuntu/1019/install/pub/share/pub/environment/ament_prefix_path.sh
[16.016s] -- Installing: /home/ubuntu/1019/install/pub/share/pub/environment/ament_prefix_path.dsv
[16.016s] -- Up-to-date: /home/ubuntu/1019/install/pub/share/pub/environment/path.sh
[16.016s] -- Installing: /home/ubuntu/1019/install/pub/share/pub/environment/path.dsv
[16.016s] -- Up-to-date: /home/ubuntu/1019/install/pub/share/pub/local_setup.bash
[16.016s] -- Up-to-date: /home/ubuntu/1019/install/pub/share/pub/local_setup.sh
[16.016s] -- Up-to-date: /home/ubuntu/1019/install/pub/share/pub/local_setup.zsh
[16.017s] -- Installing: /home/ubuntu/1019/install/pub/share/pub/local_setup.dsv
[16.017s] -- Installing: /home/ubuntu/1019/install/pub/share/pub/package.dsv
[16.017s] -- Up-to-date: /home/ubuntu/1019/install/pub/share/ament_index/resource_index/packages/pub
[16.017s] -- Up-to-date: /home/ubuntu/1019/install/pub/share/pub/cmake/pubConfig.cmake
[16.017s] -- Up-to-date: /home/ubuntu/1019/install/pub/share/pub/cmake/pubConfig-version.cmake
[16.017s] -- Up-to-date: /home/ubuntu/1019/install/pub/share/pub/package.xml
[16.018s] Invoked command in '/home/ubuntu/1019/build/pub' returned '0': CMAKE_PREFIX_PATH=${CMAKE_PREFIX_PATH}:/opt/ros/humble /usr/bin/cmake --install /home/ubuntu/1019/build/pub
