[0.038s] Invoking command in '/home/ubuntu/1019/build/pub': /usr/bin/cmake /home/ubuntu/1019/src/pub -DCMAKE_INSTALL_PREFIX=/home/ubuntu/1019/install/pub
[0.317s] -- The C compiler identification is GNU 11.4.0
[1.195s] -- The CXX compiler identification is GNU 11.4.0
[1.838s] -- Detecting C compiler ABI info
[2.050s] -- Detecting C compiler ABI info - done
[2.056s] -- Check for working C compiler: /usr/bin/cc - skipped
[2.056s] -- Detecting C compile features
[2.057s] -- Detecting C compile features - done
[2.059s] -- Detecting CXX compiler ABI info
[2.267s] -- Detecting CXX compiler ABI info - done
[2.273s] -- Check for working CXX compiler: /usr/bin/c++ - skipped
[2.274s] -- Detecting CXX compile features
[2.274s] -- Detecting CXX compile features - done
[2.283s] -- Found ament_cmake: 1.3.5 (/opt/ros/humble/share/ament_cmake/cmake)
[2.403s] -- Found Python3: /usr/bin/python3.10 (found version "3.10.12") found components: Interpreter 
[2.473s] -- Found rclcpp: 16.0.6 (/opt/ros/humble/share/rclcpp/cmake)
[2.728s] -- Found rosidl_generator_c: 3.1.5 (/opt/ros/humble/share/rosidl_generator_c/cmake)
[2.732s] -- Found rosidl_adapter: 3.1.5 (/opt/ros/humble/share/rosidl_adapter/cmake)
[2.739s] -- Found rosidl_generator_cpp: 3.1.5 (/opt/ros/humble/share/rosidl_generator_cpp/cmake)
[2.752s] -- Using all available rosidl_typesupport_c: rosidl_typesupport_fastrtps_c;rosidl_typesupport_introspection_c
[2.769s] -- Using all available rosidl_typesupport_cpp: rosidl_typesupport_fastrtps_cpp;rosidl_typesupport_introspection_cpp
[2.902s] -- Found rmw_implementation_cmake: 6.1.1 (/opt/ros/humble/share/rmw_implementation_cmake/cmake)
[2.904s] -- Found rmw_fastrtps_cpp: 6.2.4 (/opt/ros/humble/share/rmw_fastrtps_cpp/cmake)
[5.008s] -- Found OpenSSL: /usr/lib/x86_64-linux-gnu/libcrypto.so (found version "3.0.2")  
[7.341s] -- Found FastRTPS: /opt/ros/humble/include  
[11.410s] -- Using RMW implementation 'rmw_fastrtps_cpp' as default
[11.417s] -- Looking for pthread.h
[11.634s] -- Looking for pthread.h - found
[11.634s] -- Performing Test CMAKE_HAVE_LIBC_PTHREAD
[11.845s] -- Performing Test CMAKE_HAVE_LIBC_PTHREAD - Success
[11.846s] -- Found Threads: TRUE  
[11.988s] -- Found ament_lint_auto: 0.12.8 (/opt/ros/humble/share/ament_lint_auto/cmake)
[12.028s] Error parsing '/home/ubuntu/1019/src/pub/package.xml':
[12.061s] Traceback (most recent call last):
[12.061s]   File "/opt/ros/humble/share/ament_cmake_core/cmake/core/package_xml_2_cmake.py", line 150, in <module>
[12.061s]     main()
[12.061s]   File "/opt/ros/humble/share/ament_cmake_core/cmake/core/package_xml_2_cmake.py", line 53, in main
[12.062s]     raise e
[12.062s]   File "/opt/ros/humble/share/ament_cmake_core/cmake/core/package_xml_2_cmake.py", line 49, in main
[12.062s]     package = parse_package_string(
[12.062s]   File "/usr/lib/python3/dist-packages/catkin_pkg/package.py", line 786, in parse_package_string
[12.062s]     raise InvalidPackage('Error(s):%s' % (''.join(['\n- %s' % e for e in errors])), filename)
[12.062s] catkin_pkg.package.InvalidPackage: Error(s) in package '/home/ubuntu/1019/src/pub/package.xml':
[12.062s] Error(s):
[12.062s] - The generic dependency on 'rclcpp' is redundant with: build_depend, build_export_depend, exec_depend
[12.072s] [31mCMake Error at /opt/ros/humble/share/ament_cmake_core/cmake/core/ament_package_xml.cmake:95 (message):
[12.072s]   execute_process(/usr/bin/python3.10
[12.072s]   /opt/ros/humble/share/ament_cmake_core/cmake/core/package_xml_2_cmake.py
[12.072s]   /home/ubuntu/1019/src/pub/package.xml
[12.072s]   /home/ubuntu/1019/build/pub/ament_cmake_core/package.cmake) returned error
[12.072s]   code 1
[12.072s] Call Stack (most recent call first):
[12.072s]   /opt/ros/humble/share/ament_cmake_core/cmake/core/ament_package_xml.cmake:49 (_ament_package_xml)
[12.072s]   /opt/ros/humble/share/ament_lint_auto/cmake/ament_lint_auto_find_test_dependencies.cmake:31 (ament_package_xml)
[12.072s]   CMakeLists.txt:32 (ament_lint_auto_find_test_dependencies)
[12.072s] 
[12.072s] [0m
[12.072s] -- Configuring incomplete, errors occurred!
[12.072s] See also "/home/ubuntu/1019/build/pub/CMakeFiles/CMakeOutput.log".
[12.080s] Invoked command in '/home/ubuntu/1019/build/pub' returned '1': /usr/bin/cmake /home/ubuntu/1019/src/pub -DCMAKE_INSTALL_PREFIX=/home/ubuntu/1019/install/pub
