[35m[1mConsolidate compiler generated dependencies of target talker[0m
[ 50%] [32mBuilding CXX object CMakeFiles/talker.dir/src/publisher.cpp.o[0m
[100%] [32m[1mLinking CXX executable talker[0m
[100%] Built target talker
-- Install configuration: ""
-- Installing: /home/ubuntu/1019/install/pub/lib/pub/talker
-- Set runtime path of "/home/ubuntu/1019/install/pub/lib/pub/talker" to ""
-- Up-to-date: /home/ubuntu/1019/install/pub/share/ament_index/resource_index/package_run_dependencies/pub
-- Up-to-date: /home/ubuntu/1019/install/pub/share/ament_index/resource_index/parent_prefix_path/pub
-- Up-to-date: /home/ubuntu/1019/install/pub/share/pub/environment/ament_prefix_path.sh
-- Up-to-date: /home/ubuntu/1019/install/pub/share/pub/environment/ament_prefix_path.dsv
-- Up-to-date: /home/ubuntu/1019/install/pub/share/pub/environment/path.sh
-- Up-to-date: /home/ubuntu/1019/install/pub/share/pub/environment/path.dsv
-- Up-to-date: /home/ubuntu/1019/install/pub/share/pub/local_setup.bash
-- Up-to-date: /home/ubuntu/1019/install/pub/share/pub/local_setup.sh
-- Up-to-date: /home/ubuntu/1019/install/pub/share/pub/local_setup.zsh
-- Up-to-date: /home/ubuntu/1019/install/pub/share/pub/local_setup.dsv
-- Installing: /home/ubuntu/1019/install/pub/share/pub/package.dsv
-- Up-to-date: /home/ubuntu/1019/install/pub/share/ament_index/resource_index/packages/pub
-- Up-to-date: /home/ubuntu/1019/install/pub/share/pub/cmake/pubConfig.cmake
-- Up-to-date: /home/ubuntu/1019/install/pub/share/pub/cmake/pubConfig-version.cmake
-- Up-to-date: /home/ubuntu/1019/install/pub/share/pub/package.xml
