[0.039s] Invoking command in '/home/ubuntu/1019/build/pub': CMAKE_PREFIX_PATH=/opt/ros/humble /usr/bin/cmake /home/ubuntu/1019/src/pub -DCMAKE_INSTALL_PREFIX=/home/ubuntu/1019/install/pub
[0.046s] -- Found ament_cmake: 1.3.5 (/opt/ros/humble/share/ament_cmake/cmake)
[0.150s] -- Found rclcpp: 16.0.6 (/opt/ros/humble/share/rclcpp/cmake)
[0.365s] -- Found rosidl_generator_c: 3.1.5 (/opt/ros/humble/share/rosidl_generator_c/cmake)
[0.367s] -- Found rosidl_adapter: 3.1.5 (/opt/ros/humble/share/rosidl_adapter/cmake)
[0.373s] -- Found rosidl_generator_cpp: 3.1.5 (/opt/ros/humble/share/rosidl_generator_cpp/cmake)
[0.382s] -- Using all available rosidl_typesupport_c: rosidl_typesupport_fastrtps_c;rosidl_typesupport_introspection_c
[0.395s] -- Using all available rosidl_typesupport_cpp: rosidl_typesupport_fastrtps_cpp;rosidl_typesupport_introspection_cpp
[0.442s] -- Found rmw_implementation_cmake: 6.1.1 (/opt/ros/humble/share/rmw_implementation_cmake/cmake)
[0.443s] -- Found rmw_fastrtps_cpp: 6.2.4 (/opt/ros/humble/share/rmw_fastrtps_cpp/cmake)
[8.845s] -- Using RMW implementation 'rmw_fastrtps_cpp' as default
[8.975s] -- Found ament_lint_auto: 0.12.8 (/opt/ros/humble/share/ament_lint_auto/cmake)
[9.034s] -- Added test 'cppcheck' to perform static code analysis on C / C++ code
[9.034s] -- Configured cppcheck include dirs: 
[9.034s] -- Configured cppcheck exclude dirs and/or files: 
[9.034s] -- Added test 'lint_cmake' to check CMake code style
[9.035s] -- Added test 'uncrustify' to check C / C++ code style
[9.035s] -- Configured uncrustify additional arguments: 
[9.036s] -- Added test 'xmllint' to check XML markup files
[9.037s] -- Configuring done
[9.048s] -- Generating done
[9.050s] -- Build files have been written to: /home/ubuntu/1019/build/pub
[9.058s] Invoked command in '/home/ubuntu/1019/build/pub' returned '0': CMAKE_PREFIX_PATH=/opt/ros/humble /usr/bin/cmake /home/ubuntu/1019/src/pub -DCMAKE_INSTALL_PREFIX=/home/ubuntu/1019/install/pub
[9.058s] Invoking command in '/home/ubuntu/1019/build/pub': CMAKE_PREFIX_PATH=/opt/ros/humble /usr/bin/cmake --build /home/ubuntu/1019/build/pub -- -j8 -l8
[9.086s] [ 50%] [32mBuilding CXX object CMakeFiles/talker.dir/src/publisher.cpp.o[0m
[12.501s] [100%] [32m[1mLinking CXX executable talker[0m
[12.778s] [100%] Built target talker
[12.785s] Invoked command in '/home/ubuntu/1019/build/pub' returned '0': CMAKE_PREFIX_PATH=/opt/ros/humble /usr/bin/cmake --build /home/ubuntu/1019/build/pub -- -j8 -l8
[12.806s] Invoking command in '/home/ubuntu/1019/build/pub': CMAKE_PREFIX_PATH=/opt/ros/humble /usr/bin/cmake --install /home/ubuntu/1019/build/pub
[12.810s] -- Install configuration: ""
[12.810s] -- Installing: /home/ubuntu/1019/install/pub/lib/pub/talker
[12.811s] -- Set runtime path of "/home/ubuntu/1019/install/pub/lib/pub/talker" to ""
[12.811s] -- Installing: /home/ubuntu/1019/install/pub/share/ament_index/resource_index/package_run_dependencies/pub
[12.812s] -- Installing: /home/ubuntu/1019/install/pub/share/ament_index/resource_index/parent_prefix_path/pub
[12.812s] -- Installing: /home/ubuntu/1019/install/pub/share/pub/environment/ament_prefix_path.sh
[12.812s] -- Installing: /home/ubuntu/1019/install/pub/share/pub/environment/ament_prefix_path.dsv
[12.812s] -- Installing: /home/ubuntu/1019/install/pub/share/pub/environment/path.sh
[12.812s] -- Installing: /home/ubuntu/1019/install/pub/share/pub/environment/path.dsv
[12.812s] -- Installing: /home/ubuntu/1019/install/pub/share/pub/local_setup.bash
[12.813s] -- Installing: /home/ubuntu/1019/install/pub/share/pub/local_setup.sh
[12.813s] -- Installing: /home/ubuntu/1019/install/pub/share/pub/local_setup.zsh
[12.813s] -- Installing: /home/ubuntu/1019/install/pub/share/pub/local_setup.dsv
[12.813s] -- Installing: /home/ubuntu/1019/install/pub/share/pub/package.dsv
[12.813s] -- Installing: /home/ubuntu/1019/install/pub/share/ament_index/resource_index/packages/pub
[12.813s] -- Installing: /home/ubuntu/1019/install/pub/share/pub/cmake/pubConfig.cmake
[12.813s] -- Installing: /home/ubuntu/1019/install/pub/share/pub/cmake/pubConfig-version.cmake
[12.813s] -- Installing: /home/ubuntu/1019/install/pub/share/pub/package.xml
[12.815s] Invoked command in '/home/ubuntu/1019/build/pub' returned '0': CMAKE_PREFIX_PATH=/opt/ros/humble /usr/bin/cmake --install /home/ubuntu/1019/build/pub
