[0.048s] Invoking command in '/home/ubuntu/1019/build/communicate': CMAKE_PREFIX_PATH=${CMAKE_PREFIX_PATH}:/opt/ros/humble /usr/bin/cmake /home/ubuntu/1019/src/communicate -DCMAKE_INSTALL_PREFIX=/home/ubuntu/1019/install/communicate
[0.223s] -- The C compiler identification is GNU 11.4.0
[1.022s] -- The CXX compiler identification is GNU 11.4.0
[1.676s] -- Detecting C compiler ABI info
[1.867s] -- Detecting C compiler ABI info - done
[1.873s] -- Check for working C compiler: /usr/bin/cc - skipped
[1.873s] -- Detecting C compile features
[1.874s] -- Detecting C compile features - done
[1.876s] -- Detecting CXX compiler ABI info
[2.085s] -- Detecting CXX compiler ABI info - done
[2.091s] -- Check for working CXX compiler: /usr/bin/c++ - skipped
[2.091s] -- Detecting CXX compile features
[2.092s] -- Detecting CXX compile features - done
[2.093s] -- Found ament_cmake: 1.3.5 (/opt/ros/humble/share/ament_cmake/cmake)
[2.207s] -- Found Python3: /usr/bin/python3.10 (found version "3.10.12") found components: Interpreter 
[2.264s] -- Found rclcpp: 16.0.6 (/opt/ros/humble/share/rclcpp/cmake)
[2.499s] -- Found rosidl_generator_c: 3.1.5 (/opt/ros/humble/share/rosidl_generator_c/cmake)
[2.502s] -- Found rosidl_adapter: 3.1.5 (/opt/ros/humble/share/rosidl_adapter/cmake)
[2.507s] -- Found rosidl_generator_cpp: 3.1.5 (/opt/ros/humble/share/rosidl_generator_cpp/cmake)
[2.517s] -- Using all available rosidl_typesupport_c: rosidl_typesupport_fastrtps_c;rosidl_typesupport_introspection_c
[2.532s] -- Using all available rosidl_typesupport_cpp: rosidl_typesupport_fastrtps_cpp;rosidl_typesupport_introspection_cpp
[2.584s] -- Found rmw_implementation_cmake: 6.1.1 (/opt/ros/humble/share/rmw_implementation_cmake/cmake)
[2.586s] -- Found rmw_fastrtps_cpp: 6.2.4 (/opt/ros/humble/share/rmw_fastrtps_cpp/cmake)
[4.714s] -- Found OpenSSL: /usr/lib/x86_64-linux-gnu/libcrypto.so (found version "3.0.2")  
[7.140s] -- Found FastRTPS: /opt/ros/humble/include  
[11.343s] -- Using RMW implementation 'rmw_fastrtps_cpp' as default
[11.349s] -- Looking for pthread.h
[11.550s] -- Looking for pthread.h - found
[11.550s] -- Performing Test CMAKE_HAVE_LIBC_PTHREAD
[11.754s] -- Performing Test CMAKE_HAVE_LIBC_PTHREAD - Success
[11.754s] -- Found Threads: TRUE  
[11.887s] -- Found ament_lint_auto: 0.12.8 (/opt/ros/humble/share/ament_lint_auto/cmake)
[11.940s] -- Added test 'cppcheck' to perform static code analysis on C / C++ code
[11.940s] -- Configured cppcheck include dirs: 
[11.940s] -- Configured cppcheck exclude dirs and/or files: 
[11.940s] -- Added test 'lint_cmake' to check CMake code style
[11.941s] -- Added test 'uncrustify' to check C / C++ code style
[11.941s] -- Configured uncrustify additional arguments: 
[11.942s] -- Added test 'xmllint' to check XML markup files
[11.943s] -- Configuring done
[11.951s] -- Generating done
[11.952s] -- Build files have been written to: /home/ubuntu/1019/build/communicate
[11.961s] Invoked command in '/home/ubuntu/1019/build/communicate' returned '0': CMAKE_PREFIX_PATH=${CMAKE_PREFIX_PATH}:/opt/ros/humble /usr/bin/cmake /home/ubuntu/1019/src/communicate -DCMAKE_INSTALL_PREFIX=/home/ubuntu/1019/install/communicate
[11.962s] Invoking command in '/home/ubuntu/1019/build/communicate': CMAKE_PREFIX_PATH=${CMAKE_PREFIX_PATH}:/opt/ros/humble /usr/bin/cmake --build /home/ubuntu/1019/build/communicate -- -j8 -l8
[11.988s] [ 50%] [32mBuilding CXX object CMakeFiles/receiver.dir/src/publisher.cpp.o[0m
[11.989s] [ 50%] [32mBuilding CXX object CMakeFiles/sender.dir/src/publisher.cpp.o[0m
[15.434s] [ 75%] [32m[1mLinking CXX executable sender[0m
[15.438s] [100%] [32m[1mLinking CXX executable receiver[0m
[15.677s] [100%] Built target receiver
[15.677s] [100%] Built target sender
[15.686s] Invoked command in '/home/ubuntu/1019/build/communicate' returned '0': CMAKE_PREFIX_PATH=${CMAKE_PREFIX_PATH}:/opt/ros/humble /usr/bin/cmake --build /home/ubuntu/1019/build/communicate -- -j8 -l8
[15.708s] Invoking command in '/home/ubuntu/1019/build/communicate': CMAKE_PREFIX_PATH=${CMAKE_PREFIX_PATH}:/opt/ros/humble /usr/bin/cmake --install /home/ubuntu/1019/build/communicate
[15.713s] -- Install configuration: ""
[15.713s] -- Installing: /home/ubuntu/1019/install/communicate/lib/communicate/sender
[15.713s] -- Set runtime path of "/home/ubuntu/1019/install/communicate/lib/communicate/sender" to ""
[15.713s] -- Installing: /home/ubuntu/1019/install/communicate/lib/communicate/receiver
[15.714s] -- Set runtime path of "/home/ubuntu/1019/install/communicate/lib/communicate/receiver" to ""
[15.714s] -- Installing: /home/ubuntu/1019/install/communicate/share/ament_index/resource_index/package_run_dependencies/communicate
[15.715s] -- Installing: /home/ubuntu/1019/install/communicate/share/ament_index/resource_index/parent_prefix_path/communicate
[15.715s] -- Installing: /home/ubuntu/1019/install/communicate/share/communicate/environment/ament_prefix_path.sh
[15.715s] -- Installing: /home/ubuntu/1019/install/communicate/share/communicate/environment/ament_prefix_path.dsv
[15.715s] -- Installing: /home/ubuntu/1019/install/communicate/share/communicate/environment/path.sh
[15.715s] -- Installing: /home/ubuntu/1019/install/communicate/share/communicate/environment/path.dsv
[15.716s] -- Installing: /home/ubuntu/1019/install/communicate/share/communicate/local_setup.bash
[15.716s] -- Installing: /home/ubuntu/1019/install/communicate/share/communicate/local_setup.sh
[15.716s] -- Installing: /home/ubuntu/1019/install/communicate/share/communicate/local_setup.zsh
[15.716s] -- Installing: /home/ubuntu/1019/install/communicate/share/communicate/local_setup.dsv
[15.716s] -- Installing: /home/ubuntu/1019/install/communicate/share/communicate/package.dsv
[15.716s] -- Installing: /home/ubuntu/1019/install/communicate/share/ament_index/resource_index/packages/communicate
[15.716s] -- Installing: /home/ubuntu/1019/install/communicate/share/communicate/cmake/communicateConfig.cmake
[15.716s] -- Installing: /home/ubuntu/1019/install/communicate/share/communicate/cmake/communicateConfig-version.cmake
[15.716s] -- Installing: /home/ubuntu/1019/install/communicate/share/communicate/package.xml
[15.718s] Invoked command in '/home/ubuntu/1019/build/communicate' returned '0': CMAKE_PREFIX_PATH=${CMAKE_PREFIX_PATH}:/opt/ros/humble /usr/bin/cmake --install /home/ubuntu/1019/build/communicate
