[0.047s] Invoking command in '/home/ubuntu/1019/build/pub': CMAKE_PREFIX_PATH=${CMAKE_PREFIX_PATH}:/opt/ros/humble /usr/bin/cmake /home/ubuntu/1019/src/communicate -DCMAKE_INSTALL_PREFIX=/home/ubuntu/1019/install/pub
[0.248s] -- The C compiler identification is GNU 11.4.0
[1.086s] -- The CXX compiler identification is GNU 11.4.0
[1.653s] -- Detecting C compiler ABI info
[1.839s] -- Detecting C compiler ABI info - done
[1.845s] -- Check for working C compiler: /usr/bin/cc - skipped
[1.845s] -- Detecting C compile features
[1.845s] -- Detecting C compile features - done
[1.847s] -- Detecting CXX compiler ABI info
[2.058s] -- Detecting CXX compiler ABI info - done
[2.064s] -- Check for working CXX compiler: /usr/bin/c++ - skipped
[2.065s] -- Detecting CXX compile features
[2.065s] -- Detecting CXX compile features - done
[2.067s] -- Found ament_cmake: 1.3.5 (/opt/ros/humble/share/ament_cmake/cmake)
[2.180s] -- Found Python3: /usr/bin/python3.10 (found version "3.10.12") found components: Interpreter 
[2.238s] -- Found rclcpp: 16.0.6 (/opt/ros/humble/share/rclcpp/cmake)
[2.414s] -- Found rosidl_generator_c: 3.1.5 (/opt/ros/humble/share/rosidl_generator_c/cmake)
[2.418s] -- Found rosidl_adapter: 3.1.5 (/opt/ros/humble/share/rosidl_adapter/cmake)
[2.423s] -- Found rosidl_generator_cpp: 3.1.5 (/opt/ros/humble/share/rosidl_generator_cpp/cmake)
[2.434s] -- Using all available rosidl_typesupport_c: rosidl_typesupport_fastrtps_c;rosidl_typesupport_introspection_c
[2.448s] -- Using all available rosidl_typesupport_cpp: rosidl_typesupport_fastrtps_cpp;rosidl_typesupport_introspection_cpp
[2.501s] -- Found rmw_implementation_cmake: 6.1.1 (/opt/ros/humble/share/rmw_implementation_cmake/cmake)
[2.502s] -- Found rmw_fastrtps_cpp: 6.2.4 (/opt/ros/humble/share/rmw_fastrtps_cpp/cmake)
[4.570s] -- Found OpenSSL: /usr/lib/x86_64-linux-gnu/libcrypto.so (found version "3.0.2")  
[6.913s] -- Found FastRTPS: /opt/ros/humble/include  
[11.141s] -- Using RMW implementation 'rmw_fastrtps_cpp' as default
[11.147s] -- Looking for pthread.h
[11.348s] -- Looking for pthread.h - found
[11.348s] -- Performing Test CMAKE_HAVE_LIBC_PTHREAD
[11.557s] -- Performing Test CMAKE_HAVE_LIBC_PTHREAD - Success
[11.558s] -- Found Threads: TRUE  
[11.692s] -- Found ament_lint_auto: 0.12.8 (/opt/ros/humble/share/ament_lint_auto/cmake)
[11.737s] [31mCMake Error at /opt/ros/humble/share/ament_cmake_core/cmake/core/ament_package_xml.cmake:53 (message):
[11.737s]   ament_package_xml() package name 'pub' in '/package.xml' does not match
[11.737s]   current PROJECT_NAME 'communicate'.  You must call project() with the same
[11.737s]   package name before.
[11.737s] Call Stack (most recent call first):
[11.737s]   /opt/ros/humble/share/ament_lint_auto/cmake/ament_lint_auto_find_test_dependencies.cmake:31 (ament_package_xml)
[11.737s]   CMakeLists.txt:35 (ament_lint_auto_find_test_dependencies)
[11.738s] 
[11.738s] [0m
[11.738s] -- Configuring incomplete, errors occurred!
[11.738s] See also "/home/ubuntu/1019/build/pub/CMakeFiles/CMakeOutput.log".
[11.744s] Invoked command in '/home/ubuntu/1019/build/pub' returned '1': CMAKE_PREFIX_PATH=${CMAKE_PREFIX_PATH}:/opt/ros/humble /usr/bin/cmake /home/ubuntu/1019/src/communicate -DCMAKE_INSTALL_PREFIX=/home/ubuntu/1019/install/pub
