[0.050s] Invoking command in '/home/ubuntu/1019/build/pub': CMAKE_PREFIX_PATH=${CMAKE_PREFIX_PATH}:/opt/ros/humble /usr/bin/cmake --build /home/ubuntu/1019/build/pub -- -j8 -l8
[0.065s] -- Found ament_cmake: 1.3.5 (/opt/ros/humble/share/ament_cmake/cmake)
[0.167s] -- Found rclcpp: 16.0.6 (/opt/ros/humble/share/rclcpp/cmake)
[0.372s] -- Found rosidl_generator_c: 3.1.5 (/opt/ros/humble/share/rosidl_generator_c/cmake)
[0.373s] -- Found rosidl_adapter: 3.1.5 (/opt/ros/humble/share/rosidl_adapter/cmake)
[0.378s] -- Found rosidl_generator_cpp: 3.1.5 (/opt/ros/humble/share/rosidl_generator_cpp/cmake)
[0.387s] -- Using all available rosidl_typesupport_c: rosidl_typesupport_fastrtps_c;rosidl_typesupport_introspection_c
[0.399s] -- Using all available rosidl_typesupport_cpp: rosidl_typesupport_fastrtps_cpp;rosidl_typesupport_introspection_cpp
[0.446s] -- Found rmw_implementation_cmake: 6.1.1 (/opt/ros/humble/share/rmw_implementation_cmake/cmake)
[0.447s] -- Found rmw_fastrtps_cpp: 6.2.4 (/opt/ros/humble/share/rmw_fastrtps_cpp/cmake)
[8.814s] -- Using RMW implementation 'rmw_fastrtps_cpp' as default
[8.946s] -- Found ament_lint_auto: 0.12.8 (/opt/ros/humble/share/ament_lint_auto/cmake)
[8.996s] -- Added test 'cppcheck' to perform static code analysis on C / C++ code
[8.996s] -- Configured cppcheck include dirs: 
[8.996s] -- Configured cppcheck exclude dirs and/or files: 
[8.997s] -- Added test 'lint_cmake' to check CMake code style
[8.997s] -- Added test 'uncrustify' to check C / C++ code style
[8.997s] -- Configured uncrustify additional arguments: 
[8.998s] -- Added test 'xmllint' to check XML markup files
[8.998s] -- Configuring done
[9.006s] -- Generating done
[9.008s] -- Build files have been written to: /home/ubuntu/1019/build/pub
[9.023s] [35m[1mConsolidate compiler generated dependencies of target talker[0m
[9.034s] [ 50%] [32mBuilding CXX object CMakeFiles/talker.dir/src/publisher.cpp.o[0m
[12.326s] [100%] [32m[1mLinking CXX executable talker[0m
[12.591s] [100%] Built target talker
[12.599s] Invoked command in '/home/ubuntu/1019/build/pub' returned '0': CMAKE_PREFIX_PATH=${CMAKE_PREFIX_PATH}:/opt/ros/humble /usr/bin/cmake --build /home/ubuntu/1019/build/pub -- -j8 -l8
[12.620s] Invoking command in '/home/ubuntu/1019/build/pub': CMAKE_PREFIX_PATH=${CMAKE_PREFIX_PATH}:/opt/ros/humble /usr/bin/cmake --install /home/ubuntu/1019/build/pub
[12.624s] -- Install configuration: ""
[12.624s] -- Installing: /home/ubuntu/1019/install/pub/lib/pub/talker
[12.625s] -- Set runtime path of "/home/ubuntu/1019/install/pub/lib/pub/talker" to ""
[12.625s] -- Up-to-date: /home/ubuntu/1019/install/pub/share/ament_index/resource_index/package_run_dependencies/pub
[12.625s] -- Installing: /home/ubuntu/1019/install/pub/share/ament_index/resource_index/parent_prefix_path/pub
[12.625s] -- Up-to-date: /home/ubuntu/1019/install/pub/share/pub/environment/ament_prefix_path.sh
[12.626s] -- Installing: /home/ubuntu/1019/install/pub/share/pub/environment/ament_prefix_path.dsv
[12.626s] -- Up-to-date: /home/ubuntu/1019/install/pub/share/pub/environment/path.sh
[12.626s] -- Installing: /home/ubuntu/1019/install/pub/share/pub/environment/path.dsv
[12.626s] -- Up-to-date: /home/ubuntu/1019/install/pub/share/pub/local_setup.bash
[12.626s] -- Up-to-date: /home/ubuntu/1019/install/pub/share/pub/local_setup.sh
[12.626s] -- Up-to-date: /home/ubuntu/1019/install/pub/share/pub/local_setup.zsh
[12.626s] -- Installing: /home/ubuntu/1019/install/pub/share/pub/local_setup.dsv
[12.626s] -- Installing: /home/ubuntu/1019/install/pub/share/pub/package.dsv
[12.627s] -- Up-to-date: /home/ubuntu/1019/install/pub/share/ament_index/resource_index/packages/pub
[12.627s] -- Up-to-date: /home/ubuntu/1019/install/pub/share/pub/cmake/pubConfig.cmake
[12.627s] -- Up-to-date: /home/ubuntu/1019/install/pub/share/pub/cmake/pubConfig-version.cmake
[12.627s] -- Up-to-date: /home/ubuntu/1019/install/pub/share/pub/package.xml
[12.628s] Invoked command in '/home/ubuntu/1019/build/pub' returned '0': CMAKE_PREFIX_PATH=${CMAKE_PREFIX_PATH}:/opt/ros/humble /usr/bin/cmake --install /home/ubuntu/1019/build/pub
