[0.052s] Invoking command in '/home/ubuntu/1019/build/pub': CMAKE_PREFIX_PATH=${CMAKE_PREFIX_PATH}:/opt/ros/humble /usr/bin/cmake --build /home/ubuntu/1019/build/pub -- -j8 -l8
[0.082s] [35m[1mConsolidate compiler generated dependencies of target talker[0m
[0.093s] [ 50%] [32mBuilding CXX object CMakeFiles/talker.dir/src/publisher.cpp.o[0m
[2.597s] [100%] [32m[1mLinking CXX executable talker[0m
[2.821s] [100%] Built target talker
[2.829s] Invoked command in '/home/ubuntu/1019/build/pub' returned '0': CMAKE_PREFIX_PATH=${CMAKE_PREFIX_PATH}:/opt/ros/humble /usr/bin/cmake --build /home/ubuntu/1019/build/pub -- -j8 -l8
[2.851s] Invoking command in '/home/ubuntu/1019/build/pub': CMAKE_PREFIX_PATH=${CMAKE_PREFIX_PATH}:/opt/ros/humble /usr/bin/cmake --install /home/ubuntu/1019/build/pub
[2.855s] -- Install configuration: ""
[2.855s] -- Installing: /home/ubuntu/1019/install/pub/lib/pub/talker
[2.855s] -- Set runtime path of "/home/ubuntu/1019/install/pub/lib/pub/talker" to ""
[2.855s] -- Up-to-date: /home/ubuntu/1019/install/pub/share/ament_index/resource_index/package_run_dependencies/pub
[2.856s] -- Up-to-date: /home/ubuntu/1019/install/pub/share/ament_index/resource_index/parent_prefix_path/pub
[2.856s] -- Up-to-date: /home/ubuntu/1019/install/pub/share/pub/environment/ament_prefix_path.sh
[2.856s] -- Up-to-date: /home/ubuntu/1019/install/pub/share/pub/environment/ament_prefix_path.dsv
[2.856s] -- Up-to-date: /home/ubuntu/1019/install/pub/share/pub/environment/path.sh
[2.856s] -- Up-to-date: /home/ubuntu/1019/install/pub/share/pub/environment/path.dsv
[2.856s] -- Up-to-date: /home/ubuntu/1019/install/pub/share/pub/local_setup.bash
[2.856s] -- Up-to-date: /home/ubuntu/1019/install/pub/share/pub/local_setup.sh
[2.856s] -- Up-to-date: /home/ubuntu/1019/install/pub/share/pub/local_setup.zsh
[2.856s] -- Up-to-date: /home/ubuntu/1019/install/pub/share/pub/local_setup.dsv
[2.857s] -- Installing: /home/ubuntu/1019/install/pub/share/pub/package.dsv
[2.857s] -- Up-to-date: /home/ubuntu/1019/install/pub/share/ament_index/resource_index/packages/pub
[2.857s] -- Up-to-date: /home/ubuntu/1019/install/pub/share/pub/cmake/pubConfig.cmake
[2.857s] -- Up-to-date: /home/ubuntu/1019/install/pub/share/pub/cmake/pubConfig-version.cmake
[2.857s] -- Up-to-date: /home/ubuntu/1019/install/pub/share/pub/package.xml
[2.859s] Invoked command in '/home/ubuntu/1019/build/pub' returned '0': CMAKE_PREFIX_PATH=${CMAKE_PREFIX_PATH}:/opt/ros/humble /usr/bin/cmake --install /home/ubuntu/1019/build/pub
